<?xml version="1.0" encoding="UTF-8"?>
<TestRun id="3164b8d8-cf0a-4b40-b84a-08e2ec10cd28" name="rajkamal@HP8440P-LPT01 2011-05-01 11:58:58" runUser="FAREAST\rajkamal" xmlns="http://microsoft.com/schemas/VisualStudio/TeamTest/2010">
  <TestSettings name="Local" id="9a68ab79-59e1-4974-8c65-7b7f220df17d">
    <Description>These are default test settings for a local test run.</Description>
    <Deployment enabled="false" runDeploymentRoot="rajkamal_HP8440P-LPT01 2011-05-01 11_58_58" />
    <Execution>
      <TestTypeSpecific />
      <AgentRule name="Execution Agents">
      </AgentRule>
    </Execution>
  </TestSettings>
  <Times creation="2011-05-01T11:58:58.9173403+03:00" queuing="2011-05-01T11:58:58.9853675+03:00" start="2011-05-01T11:58:58.9933707+03:00" finish="2011-05-01T11:59:46.8084891+03:00" />
  <ResultSummary outcome="Warning">
    <Counters total="4" executed="4" passed="4" error="0" failed="0" timeout="0" aborted="0" inconclusive="0" passedButRunAborted="0" notRunnable="0" notExecuted="0" disconnected="0" warning="0" completed="0" inProgress="0" pending="0" />
    <RunInfos>
      <RunInfo computerName="HP8440P-LPT01" outcome="Warning" timestamp="2011-05-01T11:58:58.9853675+03:00">
        <Text>Deployment is currently disabled. The deployment item 'CodedUISampleFramework\TestData\SearchData.csv' on test 'CodedUISampleFramework.Scripts.BasicSearchScripts.SearchTextMany' was not deployed.</Text>
      </RunInfo>
    </RunInfos>
  </ResultSummary>
  <TestDefinitions>
    <UnitTest name="SearchTextMany" storage="d:\raj\raj backup\vs 2010\automation guidance mgsi\review\codeduisampleframework\codeduisampleframework\bin\debug\codeduisampleframework.dll" priority="0" id="0b46a3f8-3876-c46b-6958-eb1bda51de92">
      <Description>This test will search many search strings</Description>
      <Owners>
        <Owner name="Viswa" />
      </Owners>
      <DeploymentItems>
        <DeploymentItem filename="CodedUISampleFramework\TestData\SearchData.csv" />
      </DeploymentItems>
      <Execution id="82ba4992-be8f-476c-a15e-91b93fe25986" />
      <Properties>
        <Property>
          <Key>TestcaseID</Key>
          <Value>12341</Value>
        </Property>
      </Properties>
      <TestMethod codeBase="D:/raj/raj backup/VS 2010/Automation Guidance MGSI/Review/CodedUISampleFramework/CodedUISampleFramework/bin/Debug/CodedUISampleFramework.DLL" adapterTypeName="Microsoft.VisualStudio.TestTools.TestTypes.Unit.UnitTestAdapter, Microsoft.VisualStudio.QualityTools.Tips.UnitTest.Adapter, Version=10.0.0.0, Culture=neutral, PublicKeyToken=b03f5f7f11d50a3a" className="CodedUISampleFramework.Scripts.BasicSearchScripts, CodedUISampleFramework, Version=1.0.0.0, Culture=neutral, PublicKeyToken=null" name="SearchTextMany" />
      <DataSource connectionString="|DataDirectory|\TestData\SearchData.csv" providerInvariantName="Microsoft.VisualStudio.TestTools.DataSource.CSV" tableName="SearchData#csv" />
      <Extension>Microsoft.VisualStudio.TestTools.UITesting.CodedUITestAttribute, Microsoft.VisualStudio.QualityTools.CodedUITestFramework, Version=10.0.0.0, Culture=neutral, PublicKeyToken=b03f5f7f11d50a3a</Extension>
    </UnitTest>
  </TestDefinitions>
  <TestLists>
    <TestList name="Results Not in a List" id="8c84fa94-04c1-424b-9868-57a2d4851a1d" />
    <TestList name="All Loaded Results" id="19431567-8539-422a-85d7-44ee4e166bda" />
  </TestLists>
  <TestEntries>
    <TestEntry testId="0b46a3f8-3876-c46b-6958-eb1bda51de92" executionId="82ba4992-be8f-476c-a15e-91b93fe25986" testListId="8c84fa94-04c1-424b-9868-57a2d4851a1d" />
  </TestEntries>
  <Results>
    <UnitTestResult executionId="82ba4992-be8f-476c-a15e-91b93fe25986" testId="0b46a3f8-3876-c46b-6958-eb1bda51de92" testName="SearchTextMany" computerName="HP8440P-LPT01" duration="00:00:47.2279605" startTime="2011-05-01T11:58:59.0083767+03:00" endTime="2011-05-01T11:59:46.4733551+03:00" testType="13cdc9d9-ddb5-4fa4-a97d-d965ccfc6d4b" outcome="Passed" testListId="8c84fa94-04c1-424b-9868-57a2d4851a1d" relativeResultsDirectory="82ba4992-be8f-476c-a15e-91b93fe25986" resultType="DataDrivenTest">
      <Counters error="0" failed="0" timeout="0" aborted="0" inconclusive="0" passedButRunAborted="0" notRunnable="0" notExecuted="0" disconnected="0" warning="0" passed="3" completed="0" inProgress="0" pending="0" />
      <InnerResults>
        <UnitTestResult executionId="981af650-dfec-402c-9df4-a488b65f715e" parentExecutionId="82ba4992-be8f-476c-a15e-91b93fe25986" testId="0b46a3f8-3876-c46b-6958-eb1bda51de92" testName="SearchTextMany" computerName="HP8440P-LPT01" duration="00:00:16.1156583" startTime="2011-05-01T11:58:59.3285047+03:00" endTime="2011-05-01T11:59:15.4559531+03:00" testType="13cdc9d9-ddb5-4fa4-a97d-d965ccfc6d4b" outcome="Passed" testListId="8c84fa94-04c1-424b-9868-57a2d4851a1d" relativeResultsDirectory="82ba4992-be8f-476c-a15e-91b93fe25986" dataRowInfo="0" resultType="DataDrivenDataRow">
          <Output>
            <StdOut>Initialize</StdOut>
          </Output>
        </UnitTestResult>
        <UnitTestResult executionId="e2d74c5f-f1b0-4bcc-9c44-d8624345a791" parentExecutionId="82ba4992-be8f-476c-a15e-91b93fe25986" testId="0b46a3f8-3876-c46b-6958-eb1bda51de92" testName="SearchTextMany" computerName="HP8440P-LPT01" duration="00:00:15.0875495" startTime="2011-05-01T11:59:15.4559531+03:00" endTime="2011-05-01T11:59:30.5489879+03:00" testType="13cdc9d9-ddb5-4fa4-a97d-d965ccfc6d4b" outcome="Passed" testListId="8c84fa94-04c1-424b-9868-57a2d4851a1d" relativeResultsDirectory="82ba4992-be8f-476c-a15e-91b93fe25986" dataRowInfo="1" resultType="DataDrivenDataRow">
          <Output>
            <StdOut>Initialize</StdOut>
          </Output>
        </UnitTestResult>
        <UnitTestResult executionId="85f4993b-d31c-450c-bda4-f6f1b26d26c1" parentExecutionId="82ba4992-be8f-476c-a15e-91b93fe25986" testId="0b46a3f8-3876-c46b-6958-eb1bda51de92" testName="SearchTextMany" computerName="HP8440P-LPT01" duration="00:00:15.9076411" startTime="2011-05-01T11:59:30.5489879+03:00" endTime="2011-05-01T11:59:46.4623507+03:00" testType="13cdc9d9-ddb5-4fa4-a97d-d965ccfc6d4b" outcome="Passed" testListId="8c84fa94-04c1-424b-9868-57a2d4851a1d" relativeResultsDirectory="82ba4992-be8f-476c-a15e-91b93fe25986" dataRowInfo="2" resultType="DataDrivenDataRow">
          <Output>
            <StdOut>Initialize</StdOut>
          </Output>
        </UnitTestResult>
      </InnerResults>
    </UnitTestResult>
  </Results>
</TestRun>